<?xml version="1.0" encoding="UTF-8"?>
<!-- Generated by org.testng.reporters.JUnitXMLReporter -->
<testsuite hostname="sahu" ignored="0" name="Surefire test" tests="5" failures="0" timestamp="22 Sep 2021 06:19:21 GMT" time="0.069" errors="0">
  <testcase name="api1" time="0.011" classname="qaclickacadamy.Api1Test"/>
  <testcase name="Nativeappandroid" time="0.001" classname="qaclickacadamy.AppiumTest"/>
  <testcase name="iosapps" time="0.001" classname="qaclickacadamy.AppiumTest"/>
  <testcase name="browserautomation" time="0.001" classname="qaclickacadamy.SeleniumTest"/>
  <testcase name="elementsui" time="0.001" classname="qaclickacadamy.SeleniumTest"/>
</testsuite> <!-- Surefire test -->
