<?xml version="1.0" encoding="UTF-8"?>
<testsuite xmlns:xsi="http://www.w3.org/2001/XMLSchema-instance" xsi:noNamespaceSchemaLocation="https://maven.apache.org/surefire/maven-surefire-plugin/xsd/surefire-test-report-3.0.xsd" version="3.0" name="TestSuite" time="1.106" tests="5" errors="0" skipped="0" failures="0">
  <properties>
[...]
</properties>
  <testcase name="api1" classname="qaclickacadamy.Api1Test" time="0.01"/>
  <testcase name="Nativeappandroid" classname="qaclickacadamy.AppiumTest" time="0.006">
    <system-out><![CDATA[Nativeappandroid
]]></system-out>
  </testcase>
  <testcase name="iosapps" classname="qaclickacadamy.AppiumTest" time="0.001">
    <system-out><![CDATA[iosapps
]]></system-out>
  </testcase>
  <testcase name="browserautomation" classname="qaclickacadamy.SeleniumTest" time="0.002">
    <system-out><![CDATA[browser
]]></system-out>
  </testcase>
  <testcase name="elementsui" classname="qaclickacadamy.SeleniumTest" time="0.001">
    <system-out><![CDATA[browser
]]></system-out>
  </testcase>
</testsuite>