<?xml version="1.0" encoding="UTF-8"?>
<testng-results skipped="0" failed="0" ignored="0" total="5" passed="5">
  <reporter-output>
  </reporter-output>
  <suite name="Surefire suite" duration-ms="69" started-at="2021-09-22T06:19:21Z" finished-at="2021-09-22T06:19:21Z">
    <groups>
    </groups>
    <test name="Surefire test" duration-ms="69" started-at="2021-09-22T06:19:21Z" finished-at="2021-09-22T06:19:21Z">
      <class name="qaclickacadamy.SeleniumTest">
        <test-method status="PASS" signature="browserautomation()[pri:0, instance:qaclickacadamy.SeleniumTest@5a61f5df]" name="browserautomation" duration-ms="1" started-at="2021-09-22T11:49:21Z" finished-at="2021-09-22T11:49:21Z">
          <reporter-output>
          </reporter-output>
        </test-method> <!-- browserautomation -->
        <test-method status="PASS" signature="elementsui()[pri:0, instance:qaclickacadamy.SeleniumTest@5a61f5df]" name="elementsui" duration-ms="1" started-at="2021-09-22T11:49:21Z" finished-at="2021-09-22T11:49:21Z">
          <reporter-output>
          </reporter-output>
        </test-method> <!-- elementsui -->
      </class> <!-- qaclickacadamy.SeleniumTest -->
      <class name="qaclickacadamy.AppiumTest">
        <test-method status="PASS" signature="Nativeappandroid()[pri:0, instance:qaclickacadamy.AppiumTest@36f6e879]" name="Nativeappandroid" duration-ms="1" started-at="2021-09-22T11:49:21Z" finished-at="2021-09-22T11:49:21Z">
          <reporter-output>
          </reporter-output>
        </test-method> <!-- Nativeappandroid -->
        <test-method status="PASS" signature="iosapps()[pri:0, instance:qaclickacadamy.AppiumTest@36f6e879]" name="iosapps" duration-ms="1" started-at="2021-09-22T11:49:21Z" finished-at="2021-09-22T11:49:21Z">
          <reporter-output>
          </reporter-output>
        </test-method> <!-- iosapps -->
      </class> <!-- qaclickacadamy.AppiumTest -->
      <class name="qaclickacadamy.Api1Test">
        <test-method status="PASS" signature="api1()[pri:0, instance:qaclickacadamy.Api1Test@35fb3008]" name="api1" duration-ms="11" started-at="2021-09-22T11:49:21Z" finished-at="2021-09-22T11:49:21Z">
          <reporter-output>
          </reporter-output>
        </test-method> <!-- api1 -->
      </class> <!-- qaclickacadamy.Api1Test -->
    </test> <!-- Surefire test -->
  </suite> <!-- Surefire suite -->
</testng-results>
