<?xml version="1.0" encoding="UTF-8"?>
<testng-results ignored="0" total="1" passed="1" failed="0" skipped="0">
  <reporter-output>
  </reporter-output>
  <suite started-at="2021-09-19T07:57:55 IST" name="Default suite" finished-at="2021-09-19T07:57:55 IST" duration-ms="102">
    <groups>
    </groups>
    <test started-at="2021-09-19T07:57:55 IST" name="Default test" finished-at="2021-09-19T07:57:55 IST" duration-ms="102">
      <class name="qaclickacadamy.Api1Test">
        <test-method signature="api1()[pri:0, instance:qaclickacadamy.Api1Test@769f71a9]" started-at="2021-09-19T07:57:55 IST" name="api1" finished-at="2021-09-19T07:57:55 IST" duration-ms="16" status="PASS">
          <reporter-output>
          </reporter-output>
        </test-method> <!-- api1 -->
      </class> <!-- qaclickacadamy.Api1Test -->
    </test> <!-- Default test -->
  </suite> <!-- Default suite -->
</testng-results>
